<?xml version="1.0" encoding="UTF-8"?>
<testng-results skipped="0" failed="0" ignored="0" total="0" passed="0">
  <reporter-output>
  </reporter-output>
  <suite name="Testing.Automation.AppTest" duration-ms="27" started-at="2020-01-18T12:05:35 EST" finished-at="2020-01-18T12:05:35 EST">
    <groups>
    </groups>
    <test name="Command line test" duration-ms="27" started-at="2020-01-18T12:05:35 EST" finished-at="2020-01-18T12:05:35 EST">
    </test> <!-- Command line test -->
  </suite> <!-- Testing.Automation.AppTest -->
</testng-results>
