<?xml version="1.0" encoding="UTF-8"?>
<testng-results skipped="0" failed="0" total="1" passed="1">
  <reporter-output>
  </reporter-output>
  <suite name="Default suite" duration-ms="80441" started-at="2020-03-14T14:36:04Z" finished-at="2020-03-14T14:37:25Z">
    <groups>
    </groups>
    <test name="Default test" duration-ms="80441" started-at="2020-03-14T14:36:04Z" finished-at="2020-03-14T14:37:25Z">
      <class name="Test.EmiratesTest">
        <test-method status="PASS" signature="setUp()[pri:0, instance:Test.EmiratesTest@4678c730]" name="setUp" is-config="true" duration-ms="6114" started-at="2020-03-14T10:36:04Z" finished-at="2020-03-14T10:36:10Z">
          <reporter-output>
          </reporter-output>
        </test-method> <!-- setUp -->
        <test-method status="PASS" signature="verifyBooking()[pri:0, instance:Test.EmiratesTest@4678c730]" name="verifyBooking" duration-ms="74134" started-at="2020-03-14T10:36:10Z" finished-at="2020-03-14T10:37:24Z">
          <reporter-output>
          </reporter-output>
        </test-method> <!-- verifyBooking -->
        <test-method status="PASS" signature="closingBrowser()[pri:0, instance:Test.EmiratesTest@4678c730]" name="closingBrowser" is-config="true" duration-ms="163" started-at="2020-03-14T10:37:24Z" finished-at="2020-03-14T10:37:25Z">
          <reporter-output>
          </reporter-output>
        </test-method> <!-- closingBrowser -->
      </class> <!-- Test.EmiratesTest -->
    </test> <!-- Default test -->
  </suite> <!-- Default suite -->
</testng-results>
